#-----------------------------------------------------------
# Vivado v2015.3 (64-bit)
# SW Build 1368829 on Mon Sep 28 20:06:39 MDT 2015
# IP Build 1367837 on Mon Sep 28 08:56:14 MDT 2015
# Start of session at: Wed Mar  2 18:38:14 2016
# Process ID: 5918
# Current directory: /media/Data/Work/adder_tb_vivado/Work
# Command line: vivado -source script/adder_prj.tcl -notrace
# Log file: /media/Data/Work/adder_tb_vivado/Work/vivado.log
# Journal file: /media/Data/Work/adder_tb_vivado/Work/vivado.jou
#-----------------------------------------------------------
start_gui
source script/adder_prj.tcl -notrace
INFO: [IP_Flow 19-234] Refreshing IP repositories
INFO: [IP_Flow 19-1704] No user IP repositories specified
INFO: [IP_Flow 19-2313] Loaded Vivado IP repository '/opt/Xilinx/Vivado/2015.3/data/ip'.
WARNING: [Project 1-153] The current project part 'xc7vx485tffg1157-1' does not match with the 'XILINX.COM:ZC702:PART0:1.2' board part settings. The project part will be reset to 'XILINX.COM:ZC702:PART0:1.2' board part.
INFO: [Project 1-152] Project part set to zynq (xc7z020clg484-1)
ERROR: [Common 17-161] Invalid option value 'constrs_1' specified for 'of_objects'.
update_compile_order -fileset sources_1
update_compile_order -fileset sim_1
exit
INFO: [Common 17-206] Exiting Vivado at Thu Mar  3 10:00:22 2016...
