#-----------------------------------------------------------
# Vivado v2015.3 (64-bit)
# SW Build 1368829 on Mon Sep 28 20:06:39 MDT 2015
# IP Build 1367837 on Mon Sep 28 08:56:14 MDT 2015
# Start of session at: Wed Mar  2 17:25:39 2016
# Process ID: 3825
# Current directory: /media/Data/Work/adder_tb_vivado/xapp/vcs_project/script
# Command line: vivado -mode batch -source git_project.tcl -notrace -tclargs -cmd vcs -ifn file_list.txt -out git_batch.bat
# Log file: /media/Data/Work/adder_tb_vivado/xapp/vcs_project/script/vivado.log
# Journal file: /media/Data/Work/adder_tb_vivado/xapp/vcs_project/script/vivado.jou
#-----------------------------------------------------------
source git_project.tcl -notrace
    IfnOpt=file_list.txt
WARNING: Unsupported file extension .wcfg for ../sim/spectrum_top_tb_behav.wcfg
WARNING: Unsupported source type misc. ../sim/spectrum_top_tb_behav.wcfg will be version controlled.
WARNING: Unsupported file extension .txt for ../script/file_list.txt
WARNING: Unsupported source type misc. ../script/file_list.txt will be version controlled.
WARNING: Unsupported file extension .wcfg for ../debug/hw_ila_data_1.wcfg
WARNING: Unsupported source type misc. ../debug/hw_ila_data_1.wcfg will be version controlled.
INFO: Generating batch file for checking design files into repository
INFO: Batch file git_batch.bat generated
INFO: [Common 17-206] Exiting Vivado at Wed Mar  2 17:25:45 2016...
